  ! yt-dlp failed: ERROR: [Instagram] DX9oZgHCGBj: There is no video in this post
  ! yt-dlp failed: ERROR: [Instagram] DXh-vNskqQ0: Requested content is not available, rate-limit reached or login required. Use --cookies-from-browser or --cookies for the authentication. See  https://github.com/yt-dlp/yt-dlp/wiki/FAQ#how-do-i-pass-cookies-to-yt-dlp  for how to manually pass cookies
  ! no og:image tag
  ! yt-dlp failed: ERROR: [Instagram] DXeEapCjOan: Requested content is not available, rate-limit reached or login required. Use --cookies-from-browser or --cookies for the authentication. See  https://github.com/yt-dlp/yt-dlp/wiki/FAQ#how-do-i-pass-cookies-to-yt-dlp  for how to manually pass cookies
  ! yt-dlp failed: ERROR: [Instagram] DXJe-CsoGwD: Requested content is not available, rate-limit reached or login required. Use --cookies-from-browser or --cookies for the authentication. See  https://github.com/yt-dlp/yt-dlp/wiki/FAQ#how-do-i-pass-cookies-to-yt-dlp  for how to manually pass cookies
  ! yt-dlp failed: ERROR: [Instagram] BhIeq9jASoA: Requested content is not available, rate-limit reached or login required. Use --cookies-from-browser or --cookies for the authentication. See  https://github.com/yt-dlp/yt-dlp/wiki/FAQ#how-do-i-pass-cookies-to-yt-dlp  for how to manually pass cookies
  ! yt-dlp failed: ERROR: [Instagram] BqXW40Jitib: Requested content is not available, rate-limit reached or login required. Use --cookies-from-browser or --cookies for the authentication. See  https://github.com/yt-dlp/yt-dlp/wiki/FAQ#how-do-i-pass-cookies-to-yt-dlp  for how to manually pass cookies
  ! no og:image tag
  ! yt-dlp failed: ERROR: [Instagram] CmHGWKdgaD7: Requested content is not available, rate-limit reached or login required. Use --cookies-from-browser or --cookies for the authentication. See  https://github.com/yt-dlp/yt-dlp/wiki/FAQ#how-do-i-pass-cookies-to-yt-dlp  for how to manually pass cookies
  ! yt-dlp failed: ERROR: [Instagram] DUoAnEPjJ2I: Requested content is not available, rate-limit reached or login required. Use --cookies-from-browser or --cookies for the authentication. See  https://github.com/yt-dlp/yt-dlp/wiki/FAQ#how-do-i-pass-cookies-to-yt-dlp  for how to manually pass cookies
  ! yt-dlp failed: ERROR: [Instagram] DXM0deODA0X: There is no video in this post
  ! yt-dlp failed: ERROR: [Instagram] DXPQfX2jQgn: There is no video in this post
  ! yt-dlp failed: ERROR: [Instagram] DWmNMFEN0b9: Requested content is not available, rate-limit reached or login required. Use --cookies-from-browser or --cookies for the authentication. See  https://github.com/yt-dlp/yt-dlp/wiki/FAQ#how-do-i-pass-cookies-to-yt-dlp  for how to manually pass cookies
  ! no og:image tag
  ! yt-dlp failed: ERROR: [Instagram] DXCPXwWCJbH: Requested content is not available, rate-limit reached or login required. Use --cookies-from-browser or --cookies for the authentication. See  https://github.com/yt-dlp/yt-dlp/wiki/FAQ#how-do-i-pass-cookies-to-yt-dlp  for how to manually pass cookies
  ! yt-dlp failed: ERROR: [Instagram] DW3uaeCgJxi: There is no video in this post
  ! yt-dlp failed: ERROR: [Instagram] Cpy_oorqrpH: Requested content is not available, rate-limit reached or login required. Use --cookies-from-browser or --cookies for the authentication. See  https://github.com/yt-dlp/yt-dlp/wiki/FAQ#how-do-i-pass-cookies-to-yt-dlp  for how to manually pass cookies
  ! yt-dlp failed: ERROR: [Instagram] DWzbcKcuf2c: There is no video in this post
  ! yt-dlp failed: ERROR: [Instagram] DOYrkShgKOf: There is no video in this post
  ! yt-dlp failed: ERROR: [Instagram] DJEXa5DN57v: This content isn't available to everyone: It can't be seen by certain audiences.
  ! no og:image tag
  ! no og:image tag
  ! yt-dlp failed: ERROR: [Instagram] DWuJJRYAIP6: There is no video in this post
Found 378 unique Instagram post IDs.
[1/378] DW9RoFAjJB5 fetching...
[2/378] DX6lFRNsGwO fetching...
[3/378] DXo6hBoinPU fetching...
[4/378] DXhizzfDCz4 fetching...
[5/378] DX-D9hLDaj1 fetching...
  + via og fallback
[6/378] DX9oZgHCGBj fetching...
  + via og fallback
[7/378] DX3x1RYgs2t fetching...
  + via og fallback
[8/378] DXynC7wM_3v fetching...
[9/378] DVtO9x3jHT3 fetching...
[10/378] DXygBtii6dU fetching...
[11/378] DXh-vNskqQ0 fetching...
  + via og fallback
[12/378] DU_hgaFDbeN fetching...
[13/378] DVLr22uDZEV fetching...
[14/378] DXh6wkqAFUb fetching...
[15/378] DXXJZs_AAZN fetching...
  + via og fallback
[16/378] DXeEapCjOan fetching...
  + via og fallback
[17/378] DXR1Yz0DLH7 fetching...
[18/378] DXfP8HDD_dU fetching...
[19/378] DWzJdZcCLfE fetching...
[20/378] DXJe-CsoGwD fetching...
  + via og fallback
[21/378] BxrGY-4C8yH fetching...
  + via og fallback
[22/378] B0h5EUwlN1Z fetching...
[23/378] BgOd3zSFgDi fetching...
[24/378] BgTrxtslBI5 fetching...
[25/378] Bgl8IiPFV8Y fetching...
[26/378] Bgyf7kdHW_7 fetching...
[27/378] Bg1AuwHHsL4 fetching...
[28/378] Bg3uGCdnlnN fetching...
[29/378] Bg6ltItHy2E fetching...
[30/378] Bg_fcSAnG6B fetching...
[31/378] BhIeq9jASoA fetching...
  + via og fallback
[32/378] BhRXOG_gxh_ fetching...
[33/378] Bhox3-JgQ8S fetching...
[34/378] BiAL0i7gIl4 fetching...
[35/378] BiCjPIPg--j fetching...
[36/378] BiE_-0MgXKg fetching...
[37/378] BiWolFggycu fetching...
[38/378] BlIXiA9hMDI fetching...
[39/378] BlKw5hYnObZ fetching...
[40/378] BlNZxNjDCNR fetching...
[41/378] BlanAS-BVa8 fetching...
[42/378] BlvSq6BnbS1 fetching...
[43/378] Bny3fI8HXro fetching...
[44/378] CGze9xOJxvk fetching...
[45/378] DU8yT-EjVUV fetching...
[46/378] Bi7fJtzgC43 fetching...
[47/378] BqXW40Jitib fetching...
  + via og fallback
[48/378] CWBnw8JAIE8 fetching...
  + via og fallback
[49/378] CjlF_b6IVa8 fetching...
[50/378] CcPdV8tMcxp fetching...
  + via og fallback
[51/378] Bb3jDVHlKME fetching...
[52/378] BijEz87lfk_ fetching...
[53/378] CU_5DANspdQ fetching...
[54/378] C6tQSFDimgB fetching...
[55/378] CU5cMVmMcpP fetching...
  + via og fallback
[56/378] C5ZMfP7i4AO fetching...
[57/378] CnzDiu4s9Dw fetching...
  + via og fallback
[58/378] CmHGWKdgaD7 fetching...
  + via og fallback
[59/378] DXeayvBDVt4 fetching...
[60/378] DXPogtuCCEL fetching...
[61/378] CG6zPFep892 fetching...
  + via og fallback
[62/378] DDKY3eUMJC4 fetching...
[63/378] DS4viTnAhxN fetching...
[64/378] DWJScPnjDvz fetching...
  + via og fallback
[65/378] DUoAnEPjJ2I fetching...
  + via og fallback
[66/378] DUK8uE6DDCI fetching...
[67/378] DXV9OpfjR5R fetching...
[68/378] DXXVFTwjYql fetching...
[69/378] DXUy6vGDanG fetching...
[70/378] DXHFOyUjJD2 fetching...
[71/378] DXUbhdYDVWY fetching...
[72/378] DXBU2ToEjq5 fetching...
[73/378] DXD5cr6jS79 fetching...
[74/378] DXM0deODA0X fetching...
  + via og fallback
[75/378] DXPQfX2jQgn fetching...
  + via og fallback
[76/378] DXOht4LipMa fetching...
[77/378] DWy0wxljBpp fetching...
[78/378] DW86zgaDNsc fetching...
[79/378] DXJDsUljeDv fetching...
[80/378] DW9CNESjGeH fetching...
[81/378] CxdG3bwNlCp fetching...
[82/378] BstGQQhlskh fetching...
[83/378] BQ6Snw1FYVF fetching...
[84/378] CkG7b5MDg0e fetching...
[85/378] BzV6ssvBdoX fetching...
[86/378] CIs_MtzFV1L fetching...
[87/378] DXKTQF3DUiD fetching...
[88/378] DXFgs36AkVS fetching...
[89/378] DXEmuiyjUUj fetching...
[90/378] DW6x4LwkQQx fetching...
[91/378] DWmNMFEN0b9 fetching...
[92/378] DViXuJ_Dcuy fetching...
[93/378] DXCPXwWCJbH fetching...
  + via og fallback
[94/378] DXCrYu7jX5U fetching...
[95/378] DW3uaeCgJxi fetching...
  + via og fallback
[96/378] CFwG0X1BPGR fetching...
[97/378] B2bO379oSSa fetching...
[98/378] CHxOPkxl-Aa fetching...
  + via og fallback
[99/378] BudmC5DhIHE fetching...
[100/378] BnVTddKArlC fetching...
[101/378] Bs5SO9-HVgL fetching...
[102/378] Cj0X-ImDDjt fetching...
[103/378] -JOvLQTP8o fetching...
[104/378] Co0aMcWIhvm fetching...
[105/378] C8EcN8iAz5F fetching...
[106/378] BVHLNF_B3ck fetching...
[107/378] DJM-1l_In9U fetching...
[108/378] ChkDKeKo-Rz fetching...
  + via og fallback
[109/378] CMu4wLRp0MH fetching...
[110/378] CPi7qeipgKc fetching...
[111/378] CRjr3-CJBFb fetching...
[112/378] B40VcIOIcMa fetching...
[113/378] Bsd2Rvcj1Wg fetching...
[114/378] DGvG8BEsGPP fetching...
[115/378] CpndJlbMKTv fetching...
[116/378] Cpy_oorqrpH fetching...
  + via og fallback
[117/378] DFXnqkNtdyb fetching...
[118/378] CFwCoioJ5cn fetching...
  + via og fallback
[119/378] CxDIKUBopsT fetching...
[120/378] CzVjYlBI8sz fetching...
[121/378] Bsn4YH1HZmx fetching...
  + via og fallback
[122/378] CxS5ntFIu9g fetching...
[123/378] Cx3uOYwo5qt fetching...
  + via og fallback
[124/378] DT8ghVQjDgZ fetching...
[125/378] DU06bVljLNx fetching...
[126/378] DNfLjpiCEI4 fetching...
  + via og fallback
[127/378] DJcDoousVA5 fetching...
[128/378] C-KMJlfswjO fetching...
[129/378] DCT0wXqt5Nb fetching...
[130/378] DSH83k7ESxs fetching...
[131/378] DV0v2L0AsNy fetching...
[132/378] DU8sekuiDUA fetching...
[133/378] DV001WDiJoe fetching...
  + via og fallback
[134/378] DWwMyb4lgnW fetching...
  + via og fallback
[135/378] DW8cbz_jCTQ fetching...
  + via og fallback
[136/378] DWqurGLEQPo fetching...
  + via og fallback
[137/378] DW4RH30lIER fetching...
  + via og fallback
[138/378] DW8kk9RDCKN fetching...
  + via og fallback
[139/378] DWRISc0gD8u fetching...
  + via og fallback
[140/378] DW8yMjYDSuw fetching...
  + via og fallback
[141/378] DW0AUMRjkEO fetching...
  + via og fallback
[142/378] DVtt2WLjepC fetching...
  + via og fallback
[143/378] DU54mAOCAsG fetching...
  + via og fallback
[144/378] DT8cf4YDN9s fetching...
  + via og fallback
[145/378] DWhwA-JjhWO fetching...
  + via og fallback
[146/378] DW1_21_F3Vv fetching...
  + via og fallback
[147/378] DWzbcKcuf2c fetching...
  + via og fallback
[148/378] DWzI0tVjQrz fetching...
  + via og fallback
[149/378] DUq_o2nDETZ fetching...
  + via og fallback
[150/378] DUqx02_jCoo fetching...
  + via og fallback
[151/378] DWhMZH9jA0K fetching...
  + via og fallback
[152/378] DWyH61JDCeJ fetching...
  + via og fallback
[153/378] DV8S72qjG24 fetching...
  + via og fallback
[154/378] DWwG2kHjXk7 fetching...
  + via og fallback
[155/378] DV0V1xqiFf6 fetching...
  + via og fallback
[156/378] DV0gyxzkuk- fetching...
  + via og fallback
[157/378] DTv9yxgEUhu fetching...
  + via og fallback
[158/378] DUBgWiGDKne fetching...
  + via og fallback
[159/378] DWs7PXEjVar fetching...
  + via og fallback
[160/378] DOYrkShgKOf fetching...
  + via og fallback
[161/378] DJEXa5DN57v fetching...
  + via og fallback
[162/378] DU-XkIcjbOf fetching...
  + via og fallback
[163/378] DWuCajMEoXR fetching...
  + via og fallback
[164/378] DV7QVXADuAq fetching...
  + via og fallback
[165/378] DUv55ksDf32 fetching...
  + via og fallback
[166/378] DWlzb43DKXr fetching...
  + via og fallback
[167/378] DWYkAFfjc6u fetching...
  + via og fallback
[168/378] DVF9h8Sk3sf fetching...
  + via og fallback
[169/378] DWZy0pxuaR- fetching...
  + via og fallback
[170/378] DWSEa8hO-82 fetching...
  + via og fallback
[171/378] DV_K56EkxuF fetching...
  + via og fallback
[172/378] DWEodwtjCtM fetching...
  + via og fallback
[173/378] DVCJkfqjCUS fetching...
  + via og fallback
[174/378] C7ylDxeseuO fetching...
[175/378] DJTloBLMjJO fetching...
  + via og fallback
[176/378] DVIn388DYim fetching...
  + via og fallback
[177/378] DV2x2pojSPo fetching...
  + via og fallback
[178/378] DWXNs3rFL-6 fetching...
  + via og fallback
[179/378] DVjT2POEqux fetching...
[180/378] DWmPbrhklod fetching...
  + via og fallback
[181/378] DVyHxPKkRwn fetching...
  + via og fallback
[182/378] DUVPUJujHb- fetching...
  + via og fallback
[183/378] DWuJJRYAIP6 fetching...
  + via og fallback
[184/378] DLU9qwlIUa_ fetching...
  + via og fallback
[185/378] Cl1_bOAIYFO fetching...
  + via og fallback
[186/378] ChsHlaPMuCx fetching...
  + via og fallback
[187/378] DTVXekDjBqd fetching...
  ! yt-dlp failed: ERROR: [Instagram] DWml1iREcMs: Instagram sent an empty media response. Check if this post is accessible in your browser without being logged-in. If it is not, then use --cookies-from-browser or --cookies for the authentication. See  https://github.com/yt-dlp/yt-dlp/wiki/FAQ#how-do-i-pass-cookies-to-yt-dlp  for how to manually pass cookies. Otherwise, if the post is accessible in browser without being logged-in, please report this issue on  https://github.com/yt-dlp/yt-dlp/issues?q= , filling out the appropriate issue template. Confirm you are on the latest version using  yt-dlp -U
  ! no og:image tag
  ! yt-dlp failed: ERROR: [Instagram] DWjYVydDGb4: There is no video in this post
  ! no og:image tag
  ! no og:image tag
  ! yt-dlp failed: ERROR: [Instagram] DVz8VTviYPP: Requested content is not available, rate-limit reached or login required. Use --cookies-from-browser or --cookies for the authentication. See  https://github.com/yt-dlp/yt-dlp/wiki/FAQ#how-do-i-pass-cookies-to-yt-dlp  for how to manually pass cookies
  ! yt-dlp failed: ERROR: [Instagram] DV9eD8IiGB4: Requested content is not available, rate-limit reached or login required. Use --cookies-from-browser or --cookies for the authentication. See  https://github.com/yt-dlp/yt-dlp/wiki/FAQ#how-do-i-pass-cookies-to-yt-dlp  for how to manually pass cookies
  ! no og:image tag
  ! yt-dlp failed: ERROR: [Instagram] DV6RdMGCQEF: There is no video in this post
  ! yt-dlp failed: ERROR: [Instagram] DV1dBsGgZo-: Requested content is not available, rate-limit reached or login required. Use --cookies-from-browser or --cookies for the authentication. See  https://github.com/yt-dlp/yt-dlp/wiki/FAQ#how-do-i-pass-cookies-to-yt-dlp  for how to manually pass cookies
  ! yt-dlp failed: ERROR: [Instagram] DV08zB4kyL0: Requested content is not available, rate-limit reached or login required. Use --cookies-from-browser or --cookies for the authentication. See  https://github.com/yt-dlp/yt-dlp/wiki/FAQ#how-do-i-pass-cookies-to-yt-dlp  for how to manually pass cookies
  ! yt-dlp failed: ERROR: [Instagram] DVdVioGjiX0: There is no video in this post
  ! no og:image tag
  ! yt-dlp failed: ERROR: [Instagram] DVGKauMDyqD: This content isn't available to everyone: It can't be seen by certain audiences.
  ! yt-dlp failed: ERROR: [Instagram] DTPyJtcjLh6: This content isn't available to everyone: It can't be seen by certain audiences.
  + via og fallback
[188/378] C6asFQEIlV4 fetching...
  + via og fallback
[189/378] CpQNjccofpu fetching...
  + via og fallback
[190/378] C-5Lm1StvDv fetching...
  + via og fallback
[191/378] DS8JwhKjWzW fetching...
  + via og fallback
[192/378] DLVV8oNJ-W- fetching...
  + via og fallback
[193/378] DCNA5j8ozXV fetching...
  + via og fallback
[194/378] DWotO4rk8V5 fetching...
  + via og fallback
[195/378] DUOFfuDDMpU fetching...
  + via og fallback
[196/378] DWn1UmOjHFe fetching...
  + via og fallback
[197/378] DWrX0jdDUpK fetching...
  + via og fallback
[198/378] DWrDkg-iO61 fetching...
  + via og fallback
[199/378] DVyy1fUju9g fetching...
  + via og fallback
[200/378] DWZgqBzDD8c fetching...
  + via og fallback
[201/378] DWml1iREcMs fetching...
[202/378] DWme0majQDU fetching...
  + via og fallback
[203/378] DWls-wtkzU1 fetching...
  + via og fallback
[204/378] DWlAgecDXJp fetching...
  + via og fallback
[205/378] DVaycrBjNty fetching...
  + via og fallback
[206/378] DWjYVydDGb4 fetching...
  + via og fallback
[207/378] DWhZmx6DX5d fetching...
  + via og fallback
[208/378] C6mX0FBIrYg fetching...
  + via og fallback
[209/378] C6-g43eIsMB fetching...
  + via og fallback
[210/378] C_4sstyovIU fetching...
  + via og fallback
[211/378] DCUj_uXIzZv fetching...
  + via og fallback
[212/378] DCfEWeZonkP fetching...
  + via og fallback
[213/378] DCkC8mooqOT fetching...
  + via og fallback
[214/378] DFgKTUoocCO fetching...
  + via og fallback
[215/378] Cpxq6MXvMn_ fetching...
  + via og fallback
[216/378] B1tLyGIBmBe fetching...
  + via og fallback
[217/378] CZPT096K26U fetching...
  + via og fallback
[218/378] ByDMREsBIsg fetching...
[219/378] B0OdUbso9Fa fetching...
  + via og fallback
[220/378] DWHInkukUPq fetching...
  + via og fallback
[221/378] DVv_ht2jiK3 fetching...
  + via og fallback
[222/378] CxDHvO4suFu fetching...
  + via og fallback
[223/378] C02M2MKsXwS fetching...
  + via og fallback
[224/378] C22BmfOsaBG fetching...
  + via og fallback
[225/378] DFNN0fsM6lw fetching...
  + via og fallback
[226/378] DH3Bq_sscOH fetching...
  + via og fallback
[227/378] DOOSM7iiIFt fetching...
  + via og fallback
[228/378] DUjRGaBCNY4 fetching...
  + via og fallback
[229/378] DWW5y06kkmX fetching...
  + via og fallback
[230/378] CixqCEyuuOR fetching...
  + via og fallback
[231/378] Ci2m5t1K1jv fetching...
  + via og fallback
[232/378] Cr-oLb6rrav fetching...
  + via og fallback
[233/378] DGkJtrPMkls fetching...
  + via og fallback
[234/378] DDKFV4msAsa fetching...
  + via og fallback
[235/378] DCAIx3BMNWA fetching...
  + via og fallback
[236/378] DV8lbCdiJDP fetching...
  + via og fallback
[237/378] DWZAVw4iDwZ fetching...
  + via og fallback
[238/378] DWUI3OIjngQ fetching...
  + via og fallback
[239/378] DUS3bgBDXOO fetching...
  + via og fallback
[240/378] DV0dXS7jJCj fetching...
  + via og fallback
[241/378] DWcOuNpjbct fetching...
  + via og fallback
[242/378] DWcODsnjT1Y fetching...
  + via og fallback
[243/378] DVmUNmEDCkK fetching...
  + via og fallback
[244/378] DWLtn6ADItq fetching...
  + via og fallback
[245/378] DWa2kk1jV1v fetching...
  + via og fallback
[246/378] C6uHc0_ISvy fetching...
  + via og fallback
[247/378] C-LO9lMIeuS fetching...
  + via og fallback
[248/378] DAgjDDsowh0 fetching...
  + via og fallback
[249/378] DBJxnYTo0Tl fetching...
  + via og fallback
[250/378] DBzQ8jsoZgH fetching...
  + via og fallback
[251/378] DCH0Y8_oQ9c fetching...
  + via og fallback
[252/378] DGJJWM0oHBU fetching...
  + via og fallback
[253/378] CuybLJxo_hP fetching...
  + via og fallback
[254/378] DWNf59JDFJw fetching...
  + via og fallback
[255/378] DWPOsPjDJts fetching...
  + via og fallback
[256/378] DWbTIczDfwk fetching...
  + via og fallback
[257/378] DVO9rTaDej7 fetching...
  + via og fallback
[258/378] DV3YOjCjHqH fetching...
  + via og fallback
[259/378] DWV-2i2DVEt fetching...
  + via og fallback
[260/378] C421QGLo1Er fetching...
  + via og fallback
[261/378] C49w3f1Irh8 fetching...
  + via og fallback
[262/378] C_umO3IIyLE fetching...
  + via og fallback
[263/378] DAp_GUqoALm fetching...
  + via og fallback
[264/378] DTvkJwXDV6U fetching...
  + via og fallback
[265/378] DWCTLQikxZN fetching...
  + via og fallback
[266/378] DWUl5BCjua4 fetching...
  + via og fallback
[267/378] DWW9KvmDS55 fetching...
  + via og fallback
[268/378] DVgHhZ1DihY fetching...
[269/378] DVWg-d1k-zC fetching...
  + via og fallback
[270/378] DWTSLG3DWcp fetching...
  + via og fallback
[271/378] DVtBNB-DlJP fetching...
  + via og fallback
[272/378] DWRBHVXjL5T fetching...
  + via og fallback
[273/378] DV8xcnyjWu- fetching...
  + via og fallback
[274/378] DWRiZsiDZSN fetching...
  + via og fallback
[275/378] DWRZq0qCD-r fetching...
  + via og fallback
[276/378] DWHHIZXlH_0 fetching...
  + via og fallback
[277/378] DWMg_l-Dd_H fetching...
  + via og fallback
[278/378] DWCM-0-kRmu fetching...
  + via og fallback
[279/378] DV_DJ64jmiU fetching...
  + via og fallback
[280/378] DWFM6lnjeFL fetching...
  + via og fallback
[281/378] DVggPK3jIZ9 fetching...
  + via og fallback
[282/378] DVGeJxRjPCc fetching...
  + via og fallback
[283/378] DVg_rZ2iBb3 fetching...
  + via og fallback
[284/378] CUCOQjKjXsG fetching...
  + via og fallback
[285/378] CikUNEvDo-6 fetching...
  + via og fallback
[286/378] ByxlPw4HMax fetching...
[287/378] CXS7LZQD67d fetching...
  + via og fallback
[288/378] CyqxatmIAeM fetching...
  + via og fallback
[289/378] Bv9WGDRBzlS fetching...
[290/378] DB4UB2juzJx fetching...
  + via og fallback
[291/378] DSAPEA7iEXZ fetching...
  + via og fallback
[292/378] DS2UjmvCEF1 fetching...
  + via og fallback
[293/378] DUMHNLXjJnp fetching...
  + via og fallback
[294/378] DVO2ic5jTal fetching...
[295/378] DVz8VTviYPP fetching...
  + via og fallback
[296/378] DUiP7FEjXAD fetching...
  + via og fallback
[297/378] DUR3omEDEEJ fetching...
  + via og fallback
[298/378] DSdSnBmDNXh fetching...
  + via og fallback
[299/378] DV4PW9cmlOP fetching...
  + via og fallback
[300/378] DVKCVkTCUwy fetching...
  + via og fallback
[301/378] DVCEYWHjXTv fetching...
  + via og fallback
[302/378] DVWm_GuCAEB fetching...
  + via og fallback
[303/378] DV9eD8IiGB4 fetching...
  + via og fallback
[304/378] DV-VyrZDJn5 fetching...
  + via og fallback
[305/378] DNYgDrVqowo fetching...
  + via og fallback
[306/378] DV9UNU2DXPZ fetching...
[307/378] DV6RdMGCQEF fetching...
  + via og fallback
[308/378] DV8a1FfjagS fetching...
  + via og fallback
[309/378] DNU7raGsIiN fetching...
  + via og fallback
[310/378] DVwlPOBjNS2 fetching...
  + via og fallback
[311/378] C9oyiIdMM9J fetching...
  + via og fallback
[312/378] BsfYxRPDwe- fetching...
  + via og fallback
[313/378] Bs8B-6vHqQP fetching...
  + via og fallback
[314/378] DV1dBsGgZo- fetching...
  + via og fallback
[315/378] DVdlUdsDDdM fetching...
  + via og fallback
[316/378] DU2lrfgDQsA fetching...
  + via og fallback
[317/378] DU6AHvTDX9I fetching...
[318/378] DU072HTiNmH fetching...
  + via og fallback
[319/378] DV08zB4kyL0 fetching...
  + via og fallback
[320/378] DV0fUNYjeYE fetching...
  + via og fallback
[321/378] DLFOM9QNIZ6 fetching...
  + via og fallback
[322/378] C-h1Z8us_dt fetching...
  + via og fallback
[323/378] C_qbfgEoaPn fetching...
  + via og fallback
[324/378] DVvt1CKjLZ_ fetching...
  + via og fallback
[325/378] DVeF90qiE3f fetching...
  + via og fallback
[326/378] DVdVioGjiX0 fetching...
  + via og fallback
[327/378] DVLhyfhDABQ fetching...
[328/378] DSKHqkwCD5v fetching...
  + via og fallback
[329/378] DVGKauMDyqD fetching...
  + via og fallback
[330/378] DU8FKy7jGYS fetching...
  + via og fallback
[331/378] DUjRucmiAFy fetching...
  + via og fallback
[332/378] DT-wzwtEtAd fetching...
  + via og fallback
[333/378] DTLxtu-jI37 fetching...
  + via og fallback
[334/378] DUGPCXFDbGG fetching...
  + via og fallback
[335/378] DTkpKcMjEEv fetching...
  + via og fallback
[336/378] DTPyJtcjLh6 fetching...
  + via og fallback
[337/378] DQPi0s2CF4v fetching...
  ! yt-dlp failed: ERROR: [Instagram] DQPi0s2CF4v: There is no video in this post
  ! no og:image tag
  ! yt-dlp failed: ERROR: [Instagram] DO8d_Pak77S: Requested content is not available, rate-limit reached or login required. Use --cookies-from-browser or --cookies for the authentication. See  https://github.com/yt-dlp/yt-dlp/wiki/FAQ#how-do-i-pass-cookies-to-yt-dlp  for how to manually pass cookies
  ! no og:image tag
  ! yt-dlp failed: ERROR: [Instagram] DPCgcAhCGIIZAxLJKCRlxdRwxuoCdYxkaeNx8c0: This content is only available for registered users who follow this account. Use --cookies-from-browser or --cookies for the authentication. See  https://github.com/yt-dlp/yt-dlp/wiki/FAQ#how-do-i-pass-cookies-to-yt-dlp  for how to manually pass cookies
  ! no og:image tag
  ! yt-dlp failed: ERROR: [Instagram] DAGXXMvAwC5: Requested content is not available, rate-limit reached or login required. Use --cookies-from-browser or --cookies for the authentication. See  https://github.com/yt-dlp/yt-dlp/wiki/FAQ#how-do-i-pass-cookies-to-yt-dlp  for how to manually pass cookies
  ! no og:image tag
  ! no og:image tag
  ! yt-dlp failed: ERROR: [Instagram] C2E2iAjMZ5i: There is no video in this post
  ! no og:image tag
  ! yt-dlp failed: ERROR: [Instagram] CzifHBLqgoH: There is no video in this post
  ! no og:image tag
  ! yt-dlp failed: ERROR: [Instagram] CvZP619oYFm: There is no video in this post
  ! yt-dlp failed: ERROR: [Instagram] CuWba3woVkY: There is no video in this post
  ! yt-dlp failed: ERROR: [Instagram] CsMaPjasJY0: There is no video in this post
  ! no og:image tag
  ! yt-dlp failed: ERROR: [Instagram] CrferNANv_q: There is no video in this post
  ! no og:image tag
  ! yt-dlp failed: ERROR: [Instagram] Cryk7Zmoahz: There is no video in this post
  ! yt-dlp failed: ERROR: [Instagram] CrkWoWmqlnh: There is no video in this post
  ! yt-dlp failed: ERROR: [Instagram] B-KefSehw5lsKYJITRysp0FHb3rD4UrL2WAR780: This content is only available for registered users who follow this account. Use --cookies-from-browser or --cookies for the authentication. See  https://github.com/yt-dlp/yt-dlp/wiki/FAQ#how-do-i-pass-cookies-to-yt-dlp  for how to manually pass cookies
  ! no og:image tag
  ! yt-dlp failed: ERROR: [Instagram] Cj8XZXcLBtf: There is no video in this post
  ! yt-dlp failed: ERROR: [Instagram] CX5iAPUqdqzyhXFFbtIYPoAVOCkK1efLMA-cVY0: This content is only available for registered users who follow this account. Use --cookies-from-browser or --cookies for the authentication. See  https://github.com/yt-dlp/yt-dlp/wiki/FAQ#how-do-i-pass-cookies-to-yt-dlp  for how to manually pass cookies
  ! no og:image tag
  ! yt-dlp failed: ERROR: [Instagram] CI2sA9pjt3I: Requested content is not available, rate-limit reached or login required. Use --cookies-from-browser or --cookies for the authentication. See  https://github.com/yt-dlp/yt-dlp/wiki/FAQ#how-do-i-pass-cookies-to-yt-dlp  for how to manually pass cookies
  ! yt-dlp failed: ERROR: [Instagram] CIgZVrSgWYp: There is no video in this post
  ! yt-dlp failed: ERROR: [Instagram] CIBxotMgzdQ: Requested content is not available, rate-limit reached or login required. Use --cookies-from-browser or --cookies for the authentication. See  https://github.com/yt-dlp/yt-dlp/wiki/FAQ#how-do-i-pass-cookies-to-yt-dlp  for how to manually pass cookies
[338/378] DO8d_Pak77S fetching...
[339/378] DPMxqBVk4ZE fetching...
  + via og fallback
[340/378] DPMj_Gtk-Dr fetching...
  + via og fallback
[341/378] DPMdDvXk8x0 fetching...
  + via og fallback
[342/378] DPMWb7ak8zR fetching...
  + via og fallback
[343/378] DPHmE7pk2sZ fetching...
  + via og fallback
[344/378] DPCgcAhCGIIZAxLJKCRlxdRwxuoCdYxkaeNx8c0 fetching...
[345/378] DCOodIDig3a fetching...
  + via og fallback
[346/378] DKaPXAfN_Gx fetching...
  + via og fallback
[347/378] DDzNvtQNx08 fetching...
  + via og fallback
[348/378] DAGXXMvAwC5 fetching...
  + via og fallback
[349/378] C_4xGGGM7OH fetching...
  + via og fallback
[350/378] C-9tfDWs46c fetching...
[351/378] C7XUcvLvZhg fetching...
  + via og fallback
[352/378] C83U50VPxzP fetching...
  + via og fallback
[353/378] C3kMAZTI5SK fetching...
[354/378] C1ZowmcMSrg fetching...
  + via og fallback
[355/378] C2E2iAjMZ5i fetching...
[356/378] CzifHBLqgoH fetching...
  + via og fallback
[357/378] CyWH5hdNXhe fetching...
[358/378] CwhH_G5gOv9 fetching...
  + via og fallback
[359/378] CxIZerLt-Z- fetching...
  + via og fallback
[360/378] CxGdM04gtnT fetching...
  + via og fallback
[361/378] Cu2d_w8o2Ql fetching...
  + via og fallback
[362/378] CvZP619oYFm fetching...
  + via og fallback
[363/378] CuWba3woVkY fetching...
  + via og fallback
[364/378] CsMaPjasJY0 fetching...
[365/378] CrferNANv_q fetching...
  + via og fallback
[366/378] CsByORSuT8C fetching...
[367/378] Cryk7Zmoahz fetching...
  + via og fallback
[368/378] CrkWoWmqlnh fetching...
  + via og fallback
[369/378] B-KefSehw5lsKYJITRysp0FHb3rD4UrL2WAR780 fetching...
[370/378] CnUjJSuLJxi fetching...
  + via og fallback
[371/378] Cj8XZXcLBtf fetching...
  + via og fallback
[372/378] CX5iAPUqdqzyhXFFbtIYPoAVOCkK1efLMA-cVY0 fetching...
[373/378] CKr5MNVh9RJ fetching...
  + via og fallback
[374/378] CI2sA9pjt3I fetching...
  + via og fallback
[375/378] CIgZVrSgWYp fetching...
  + via og fallback
[376/378] B4urI8yDeP3 fetching...
  + via og fallback
[377/378] CIBxotMgzdQ fetching...
  + via og fallback
[378/378] CGKSOOnAjXc fetching...
  + via og fallback
Done. thumbs: 357/378  meta: 368/378
